Arguments: 
  C:\Program Files\nodejs\node.exe C:\Program Files (x86)\Yarn\bin\yarn.js

PATH: 
  C:\Program Files (x86)\Intel\iCLS Client\;C:\Python27\;C:\Python27\Scripts;C:\Program Files\Java\jdk1.8.0_131\bin;C:\ProgramData\Oracle\Java\javapath;C:\Program Files\Intel\iCLS Client\;C:\WINDOWS\system32;C:\WINDOWS;C:\WINDOWS\System32\Wbem;C:\WINDOWS\System32\WindowsPowerShell\v1.0\;C:\Program Files (x86)\Brackets\command;C:\Program Files\Intel\WiFi\bin\;C:\Program Files\Common Files\Intel\WirelessCommon\;C:\Program Files (x86)\Intel\Intel(R) Management Engine Components\DAL;C:\Program Files\Intel\Intel(R) Management Engine Components\DAL;C:\Program Files (x86)\Intel\Intel(R) Management Engine Components\IPT;C:\Program Files\Intel\Intel(R) Management Engine Components\IPT;C:\WINDOWS\System32\OpenSSH\;C:\Program Files\nodejs\;C:\Program Files (x86)\Yarn\bin\;C:\Users\Amin\AppData\Local\Microsoft\WindowsApps;C:\Users\Amin\AppData\Local\atom\bin;C:\Users\Amin\AppData\Local\Microsoft\WindowsApps;C:\Users\Amin\AppData\Local\GitHubDesktop\bin;C:\Users\Amin\AppData\Roaming\npm;C:\Users\Amin\AppData\Local\Yarn\bin

Yarn version: 
  1.10.1

Node version: 
  8.12.0

Platform: 
  win32 x64

Trace: 
  Error: getaddrinfo ENOTFOUND registry.yarnpkg.com registry.yarnpkg.com:443
      at GetAddrInfoReqWrap.onlookup [as oncomplete] (dns.js:67:26)

npm manifest: 
  {
    "dependencies": {
      "prop-types": "^15.6.1",
      "react": "^16.3.2",
      "react-dom": "^16.3.2"
    },
    "devDependencies": {
      "react-scripts": "1.1.4"
    },
    "scripts": {
      "start": "react-scripts start",
      "build": "react-scripts build",
      "test": "react-scripts test --env=jsdom",
      "eject": "react-scripts eject"
    }
  }

yarn manifest: 
  No manifest

Lockfile: 
  No lockfile
